2026-06-03 10:35:41  INFO      main  ============================================================
2026-06-03 10:35:41  INFO      main  Scrape cycle started at 2026-06-03 10:35:41
2026-06-03 10:35:41  INFO      main  [Tamasha] Starting scrape…
2026-06-03 10:35:41  INFO      main  [Tapmad] Starting scrape…
2026-06-03 10:35:41  INFO      main  [MyCo] Starting scrape…
2026-06-03 10:35:41  INFO      main  [ShoqPK] Starting scrape…
2026-06-03 10:35:41  INFO      main  [MyCo] Found 0 channels
2026-06-03 10:35:41  INFO      main  [Tapmad] Found 0 channels
2026-06-03 10:35:41  INFO      main  [ShoqPK] Found 0 channels
2026-06-03 10:35:42  INFO      main  [Tamasha] Found 0 channels
2026-06-03 10:35:42  INFO      main  Total unique channels after merge: 0
2026-06-03 10:35:42  INFO      main  Validating 0 channels…
2026-06-03 10:35:42  INFO      main  Validation complete: 0 live, 0 dead (removed)
2026-06-03 10:35:42  INFO      main  Diff → +0 new, -0 removed
2026-06-03 10:35:42  INFO      main  Saved 0 channels → output/
2026-06-03 10:35:42  INFO      main  Scrape cycle complete.
2026-06-03 15:28:27  INFO      main  ============================================================
2026-06-03 15:28:27  INFO      main  Scrape cycle started at 2026-06-03 15:28:27
2026-06-03 15:28:27  INFO      main  [Tamasha] Starting scrape…
2026-06-03 15:28:27  INFO      main  [Tapmad] Starting scrape…
2026-06-03 15:28:27  INFO      main  [MyCo] Starting scrape…
2026-06-03 15:28:27  INFO      main  [ShoqPK] Starting scrape…
2026-06-03 15:28:27  INFO      main  [MyCo] Found 0 channels
2026-06-03 15:28:27  INFO      main  [Tapmad] Found 0 channels
2026-06-03 15:28:28  INFO      main  [ShoqPK] Found 0 channels
2026-06-03 15:28:28  INFO      main  [Tamasha] Found 0 channels
2026-06-03 15:28:28  INFO      main  Total unique channels after merge: 0
2026-06-03 15:28:28  INFO      main  Validating 0 channels…
2026-06-03 15:28:28  INFO      main  Validation complete: 0 live, 0 dead (removed)
2026-06-03 15:28:28  INFO      main  Diff → +0 new, -0 removed
2026-06-03 15:28:28  INFO      main  Saved 0 channels → output/
2026-06-03 15:28:28  INFO      main  Scrape cycle complete.
2026-06-03 19:10:28  INFO      main  ============================================================
2026-06-03 19:10:28  INFO      main  Scrape cycle started at 2026-06-03 19:10:28
2026-06-03 19:10:28  INFO      main  [Tamasha] Starting scrape…
2026-06-03 19:10:28  INFO      main  [Tapmad] Starting scrape…
2026-06-03 19:10:28  INFO      main  [MyCo] Starting scrape…
2026-06-03 19:10:28  INFO      main  [ShoqPK] Starting scrape…
2026-06-03 19:10:28  INFO      main  [MyCo] Found 0 channels
2026-06-03 19:10:28  INFO      main  [Tamasha] Found 0 channels
2026-06-03 19:10:28  INFO      main  [Tapmad] Found 0 channels
2026-06-03 19:10:28  INFO      main  [ShoqPK] Found 0 channels
2026-06-03 19:10:28  INFO      main  Total unique channels after merge: 0
2026-06-03 19:10:28  INFO      main  Validating 0 channels…
2026-06-03 19:10:28  INFO      main  Validation complete: 0 live, 0 dead (removed)
2026-06-03 19:10:28  INFO      main  Diff → +0 new, -0 removed
2026-06-03 19:10:28  INFO      main  Saved 0 channels → output/
2026-06-03 19:10:28  INFO      main  Scrape cycle complete.
2026-06-03 22:12:06  INFO      main  ============================================================
2026-06-03 22:12:06  INFO      main  Scrape cycle started at 2026-06-03 22:12:06
2026-06-03 22:12:06  INFO      main  [Tamasha] Starting scrape…
2026-06-03 22:12:06  INFO      main  [Tapmad] Starting scrape…
2026-06-03 22:12:06  INFO      main  [MyCo] Starting scrape…
2026-06-03 22:12:06  INFO      main  [ShoqPK] Starting scrape…
2026-06-03 22:12:06  INFO      main  [Tapmad] Found 0 channels
2026-06-03 22:12:06  INFO      main  [MyCo] Found 0 channels
2026-06-03 22:12:07  INFO      main  [ShoqPK] Found 0 channels
2026-06-03 22:12:07  INFO      main  [Tamasha] Found 0 channels
2026-06-03 22:12:07  INFO      main  Total unique channels after merge: 0
2026-06-03 22:12:07  INFO      main  Validating 0 channels…
2026-06-03 22:12:07  INFO      main  Validation complete: 0 live, 0 dead (removed)
2026-06-03 22:12:07  INFO      main  Diff → +0 new, -0 removed
2026-06-03 22:12:07  INFO      main  Saved 0 channels → output/
2026-06-03 22:12:07  INFO      main  Scrape cycle complete.
2026-06-04 00:14:11  INFO      main  ============================================================
2026-06-04 00:14:11  INFO      main  Scrape cycle started at 2026-06-04 00:14:11
2026-06-04 00:14:11  INFO      main  [Tamasha] Starting scrape…
2026-06-04 00:14:11  INFO      main  [Tapmad] Starting scrape…
2026-06-04 00:14:11  INFO      main  [MyCo] Starting scrape…
2026-06-04 00:14:11  INFO      main  [ShoqPK] Starting scrape…
2026-06-04 00:14:11  INFO      main  [MyCo] Found 0 channels
2026-06-04 00:14:11  INFO      main  [Tapmad] Found 0 channels
2026-06-04 00:14:11  INFO      main  [ShoqPK] Found 0 channels
2026-06-04 00:14:11  INFO      main  [Tamasha] Found 0 channels
2026-06-04 00:14:11  INFO      main  Total unique channels after merge: 0
2026-06-04 00:14:11  INFO      main  Validating 0 channels…
2026-06-04 00:14:11  INFO      main  Validation complete: 0 live, 0 dead (removed)
2026-06-04 00:14:11  INFO      main  Diff → +0 new, -0 removed
2026-06-04 00:14:11  INFO      main  Saved 0 channels → output/
2026-06-04 00:14:11  INFO      main  Scrape cycle complete.
2026-06-04 05:22:54  INFO      main  ============================================================
2026-06-04 05:22:54  INFO      main  Scrape cycle started at 2026-06-04 05:22:54
2026-06-04 05:22:54  INFO      main  [Tamasha] Starting scrape…
2026-06-04 05:22:54  INFO      main  [Tapmad] Starting scrape…
2026-06-04 05:22:54  INFO      main  [MyCo] Starting scrape…
2026-06-04 05:22:54  INFO      main  [ShoqPK] Starting scrape…
2026-06-04 05:22:54  INFO      main  [MyCo] Found 0 channels
2026-06-04 05:22:54  INFO      main  [Tapmad] Found 0 channels
2026-06-04 05:22:54  INFO      main  [ShoqPK] Found 0 channels
2026-06-04 05:22:54  INFO      main  [Tamasha] Found 0 channels
2026-06-04 05:22:54  INFO      main  Total unique channels after merge: 0
2026-06-04 05:22:54  INFO      main  Validating 0 channels…
2026-06-04 05:22:54  INFO      main  Validation complete: 0 live, 0 dead (removed)
2026-06-04 05:22:54  INFO      main  Diff → +0 new, -0 removed
2026-06-04 05:22:54  INFO      main  Saved 0 channels → output/
2026-06-04 05:22:54  INFO      main  Scrape cycle complete.
2026-06-04 09:12:34  INFO      main  ============================================================
2026-06-04 09:12:34  INFO      main  Scrape cycle started at 2026-06-04 09:12:34
2026-06-04 09:12:34  INFO      main  [Tamasha] Starting scrape…
2026-06-04 09:12:34  INFO      main  [Tapmad] Starting scrape…
2026-06-04 09:12:34  INFO      main  [MyCo] Starting scrape…
2026-06-04 09:12:34  INFO      main  [ShoqPK] Starting scrape…
2026-06-04 09:12:34  INFO      main  [MyCo] Found 0 channels
2026-06-04 09:12:34  INFO      main  [Tapmad] Found 0 channels
2026-06-04 09:12:34  INFO      main  [ShoqPK] Found 0 channels
2026-06-04 09:12:34  INFO      main  [Tamasha] Found 0 channels
2026-06-04 09:12:34  INFO      main  Total unique channels after merge: 0
2026-06-04 09:12:34  INFO      main  Validating 0 channels…
2026-06-04 09:12:34  INFO      main  Validation complete: 0 live, 0 dead (removed)
2026-06-04 09:12:34  INFO      main  Diff → +0 new, -0 removed
2026-06-04 09:12:34  INFO      main  Saved 0 channels → output/
2026-06-04 09:12:34  INFO      main  Scrape cycle complete.
2026-06-04 12:29:14  INFO      main  ============================================================
2026-06-04 12:29:14  INFO      main  Scrape cycle started at 2026-06-04 12:29:14
2026-06-04 12:29:14  INFO      main  [Tamasha] Starting scrape…
2026-06-04 12:29:14  INFO      main  [Tapmad] Starting scrape…
2026-06-04 12:29:14  INFO      main  [MyCo] Starting scrape…
2026-06-04 12:29:14  INFO      main  [ShoqPK] Starting scrape…
2026-06-04 12:29:14  INFO      main  [MyCo] Found 0 channels
2026-06-04 12:29:14  INFO      main  [Tapmad] Found 0 channels
2026-06-04 12:29:14  INFO      main  [ShoqPK] Found 0 channels
2026-06-04 12:29:14  INFO      main  [Tamasha] Found 0 channels
2026-06-04 12:29:14  INFO      main  Total unique channels after merge: 0
2026-06-04 12:29:14  INFO      main  Validating 0 channels…
2026-06-04 12:29:14  INFO      main  Validation complete: 0 live, 0 dead (removed)
2026-06-04 12:29:14  INFO      main  Diff → +0 new, -0 removed
2026-06-04 12:29:14  INFO      main  Saved 0 channels → output/
2026-06-04 12:29:14  INFO      main  Scrape cycle complete.
2026-06-04 16:03:01  INFO      main  ============================================================
2026-06-04 16:03:01  INFO      main  Scrape cycle started at 2026-06-04 16:03:01
2026-06-04 16:03:01  INFO      main  [Tamasha] Starting scrape…
2026-06-04 16:03:01  INFO      main  [Tapmad] Starting scrape…
2026-06-04 16:03:01  INFO      main  [MyCo] Starting scrape…
2026-06-04 16:03:01  INFO      main  [ShoqPK] Starting scrape…
2026-06-04 16:03:01  INFO      main  [Tapmad] Found 0 channels
2026-06-04 16:03:01  INFO      main  [MyCo] Found 0 channels
2026-06-04 16:03:01  INFO      main  [ShoqPK] Found 0 channels
2026-06-04 16:03:01  INFO      main  [Tamasha] Found 0 channels
2026-06-04 16:03:01  INFO      main  Total unique channels after merge: 0
2026-06-04 16:03:01  INFO      main  Validating 0 channels…
2026-06-04 16:03:01  INFO      main  Validation complete: 0 live, 0 dead (removed)
2026-06-04 16:03:01  INFO      main  Diff → +0 new, -0 removed
2026-06-04 16:03:01  INFO      main  Saved 0 channels → output/
2026-06-04 16:03:01  INFO      main  Scrape cycle complete.
2026-06-04 18:34:52  INFO      main  ============================================================
2026-06-04 18:34:52  INFO      main  Scrape cycle started at 2026-06-04 18:34:52
2026-06-04 18:34:52  INFO      main  [Tamasha] Starting scrape…
2026-06-04 18:34:52  INFO      main  [Tapmad] Starting scrape…
2026-06-04 18:34:52  INFO      main  [MyCo] Starting scrape…
2026-06-04 18:34:52  INFO      main  [ShoqPK] Starting scrape…
2026-06-04 18:34:52  INFO      main  [Tapmad] Found 0 channels
2026-06-04 18:34:52  INFO      main  [MyCo] Found 0 channels
2026-06-04 18:34:52  INFO      main  [ShoqPK] Found 0 channels
2026-06-04 18:34:52  INFO      main  [Tamasha] Found 0 channels
2026-06-04 18:34:52  INFO      main  Total unique channels after merge: 0
2026-06-04 18:34:52  INFO      main  Validating 0 channels…
2026-06-04 18:34:52  INFO      main  Validation complete: 0 live, 0 dead (removed)
2026-06-04 18:34:52  INFO      main  Diff → +0 new, -0 removed
2026-06-04 18:34:52  INFO      main  Saved 0 channels → output/
2026-06-04 18:34:52  INFO      main  Scrape cycle complete.
2026-06-04 20:58:50  INFO      main  ============================================================
2026-06-04 20:58:50  INFO      main  Scrape cycle started at 2026-06-04 20:58:50
2026-06-04 20:58:50  INFO      main  [Tamasha] Starting scrape…
2026-06-04 20:58:50  INFO      main  [Tapmad] Starting scrape…
2026-06-04 20:58:50  INFO      main  [MyCo] Starting scrape…
2026-06-04 20:58:50  INFO      main  [ShoqPK] Starting scrape…
2026-06-04 20:58:50  INFO      main  [MyCo] Found 0 channels
2026-06-04 20:58:50  INFO      main  [Tapmad] Found 0 channels
2026-06-04 20:58:50  INFO      main  [ShoqPK] Found 0 channels
2026-06-04 20:58:50  INFO      main  [Tamasha] Found 0 channels
2026-06-04 20:58:50  INFO      main  Total unique channels after merge: 0
2026-06-04 20:58:50  INFO      main  Validating 0 channels…
2026-06-04 20:58:50  INFO      main  Validation complete: 0 live, 0 dead (removed)
2026-06-04 20:58:50  INFO      main  Diff → +0 new, -0 removed
2026-06-04 20:58:50  INFO      main  Saved 0 channels → output/
2026-06-04 20:58:50  INFO      main  Scrape cycle complete.
2026-06-04 22:40:07  INFO      main  ============================================================
2026-06-04 22:40:07  INFO      main  Scrape cycle started at 2026-06-04 22:40:07
2026-06-04 22:40:07  INFO      main  [Tamasha] Starting scrape…
2026-06-04 22:40:07  INFO      main  [Tapmad] Starting scrape…
2026-06-04 22:40:07  INFO      main  [MyCo] Starting scrape…
2026-06-04 22:40:07  INFO      main  [ShoqPK] Starting scrape…
2026-06-04 22:40:07  INFO      main  [Tapmad] Found 0 channels
2026-06-04 22:40:07  INFO      main  [MyCo] Found 0 channels
2026-06-04 22:40:07  INFO      main  [Tamasha] Found 0 channels
2026-06-04 22:40:08  INFO      main  [ShoqPK] Found 0 channels
2026-06-04 22:40:08  INFO      main  Total unique channels after merge: 0
2026-06-04 22:40:08  INFO      main  Validating 0 channels…
2026-06-04 22:40:08  INFO      main  Validation complete: 0 live, 0 dead (removed)
2026-06-04 22:40:08  INFO      main  Diff → +0 new, -0 removed
2026-06-04 22:40:08  INFO      main  Saved 0 channels → output/
2026-06-04 22:40:08  INFO      main  Scrape cycle complete.
2026-06-05 00:11:53  INFO      main  ============================================================
2026-06-05 00:11:53  INFO      main  Scrape cycle started at 2026-06-05 00:11:53
2026-06-05 00:11:53  INFO      main  [Tamasha] Starting scrape…
2026-06-05 00:11:53  INFO      main  [Tapmad] Starting scrape…
2026-06-05 00:11:53  INFO      main  [MyCo] Starting scrape…
2026-06-05 00:11:53  INFO      main  [ShoqPK] Starting scrape…
2026-06-05 00:11:53  INFO      main  [MyCo] Found 0 channels
2026-06-05 00:11:53  INFO      main  [ShoqPK] Found 0 channels
2026-06-05 00:11:53  INFO      main  [Tapmad] Found 0 channels
2026-06-05 00:11:53  INFO      main  [Tamasha] Found 0 channels
2026-06-05 00:11:53  INFO      main  Total unique channels after merge: 0
2026-06-05 00:11:53  INFO      main  Validating 0 channels…
2026-06-05 00:11:53  INFO      main  Validation complete: 0 live, 0 dead (removed)
2026-06-05 00:11:53  INFO      main  Diff → +0 new, -0 removed
2026-06-05 00:11:53  INFO      main  Saved 0 channels → output/
2026-06-05 00:11:53  INFO      main  Scrape cycle complete.
2026-06-05 04:57:33  INFO      main  ============================================================
2026-06-05 04:57:33  INFO      main  Scrape cycle started at 2026-06-05 04:57:33
2026-06-05 04:57:33  INFO      main  [Tamasha] Starting scrape…
2026-06-05 04:57:33  INFO      main  [Tapmad] Starting scrape…
2026-06-05 04:57:33  INFO      main  [MyCo] Starting scrape…
2026-06-05 04:57:33  INFO      main  [ShoqPK] Starting scrape…
2026-06-05 04:57:33  INFO      main  [MyCo] Found 0 channels
2026-06-05 04:57:33  INFO      main  [Tapmad] Found 0 channels
2026-06-05 04:57:33  INFO      main  [ShoqPK] Found 0 channels
2026-06-05 04:57:33  INFO      main  [Tamasha] Found 0 channels
2026-06-05 04:57:33  INFO      main  Total unique channels after merge: 0
2026-06-05 04:57:33  INFO      main  Validating 0 channels…
2026-06-05 04:57:33  INFO      main  Validation complete: 0 live, 0 dead (removed)
2026-06-05 04:57:33  INFO      main  Diff → +0 new, -0 removed
2026-06-05 04:57:33  INFO      main  Saved 0 channels → output/
2026-06-05 04:57:33  INFO      main  Scrape cycle complete.
2026-06-05 08:49:58  INFO      main  ============================================================
2026-06-05 08:49:58  INFO      main  Scrape cycle started at 2026-06-05 08:49:58
2026-06-05 08:49:58  INFO      main  [Tamasha] Starting scrape…
2026-06-05 08:49:58  INFO      main  [Tapmad] Starting scrape…
2026-06-05 08:49:58  INFO      main  [MyCo] Starting scrape…
2026-06-05 08:49:58  INFO      main  [ShoqPK] Starting scrape…
2026-06-05 08:49:58  INFO      main  [MyCo] Found 0 channels
2026-06-05 08:49:58  INFO      main  [Tapmad] Found 0 channels
2026-06-05 08:49:58  INFO      main  [Tamasha] Found 0 channels
2026-06-05 08:49:58  INFO      main  [ShoqPK] Found 0 channels
2026-06-05 08:49:58  INFO      main  Total unique channels after merge: 0
2026-06-05 08:49:58  INFO      main  Validating 0 channels…
2026-06-05 08:49:58  INFO      main  Validation complete: 0 live, 0 dead (removed)
2026-06-05 08:49:58  INFO      main  Diff → +0 new, -0 removed
2026-06-05 08:49:58  INFO      main  Saved 0 channels → output/
2026-06-05 08:49:58  INFO      main  Scrape cycle complete.
2026-06-05 12:10:32  INFO      main  ============================================================
2026-06-05 12:10:32  INFO      main  Scrape cycle started at 2026-06-05 12:10:32
2026-06-05 12:10:32  INFO      main  [Tamasha] Starting scrape…
2026-06-05 12:10:32  INFO      main  [Tapmad] Starting scrape…
2026-06-05 12:10:32  INFO      main  [MyCo] Starting scrape…
2026-06-05 12:10:32  INFO      main  [ShoqPK] Starting scrape…
2026-06-05 12:10:32  INFO      main  [Tapmad] Found 0 channels
2026-06-05 12:10:32  INFO      main  [MyCo] Found 0 channels
2026-06-05 12:10:32  INFO      main  [ShoqPK] Found 0 channels
2026-06-05 12:10:32  INFO      main  [Tamasha] Found 0 channels
2026-06-05 12:10:32  INFO      main  Total unique channels after merge: 0
2026-06-05 12:10:32  INFO      main  Validating 0 channels…
2026-06-05 12:10:32  INFO      main  Validation complete: 0 live, 0 dead (removed)
2026-06-05 12:10:32  INFO      main  Diff → +0 new, -0 removed
2026-06-05 12:10:32  INFO      main  Saved 0 channels → output/
2026-06-05 12:10:32  INFO      main  Scrape cycle complete.
